0 info it worked if it ends with ok
1 verbose cli [ 'C:\\Program Files\\nodejs\\node.exe',
1 verbose cli   'C:\\Program Files\\nodejs\\node_modules\\npm\\bin\\npm-cli.js',
1 verbose cli   'run',
1 verbose cli   'watch:dev' ]
2 info using npm@3.10.10
3 info using node@v6.11.2
4 verbose run-script [ 'prewatch:dev', 'watch:dev', 'postwatch:dev' ]
5 info lifecycle mikasa-web-project@1.0.0~prewatch:dev: mikasa-web-project@1.0.0
6 silly lifecycle mikasa-web-project@1.0.0~prewatch:dev: no script for prewatch:dev, continuing
7 info lifecycle mikasa-web-project@1.0.0~watch:dev: mikasa-web-project@1.0.0
8 verbose lifecycle mikasa-web-project@1.0.0~watch:dev: unsafe-perm in lifecycle true
9 verbose lifecycle mikasa-web-project@1.0.0~watch:dev: PATH: C:\Program Files\nodejs\node_modules\npm\bin\node-gyp-bin;C:\xampp\htdocs\Mikasa-web-project\node_modules\.bin;C:\Program Files\Git\mingw64\bin;C:\Program Files\Git\usr\bin;C:\Users\Familia\bin;C:\Program Files (x86)\Common Files\Oracle\Java\javapath;C:\Program Files\Microsoft MPI\Bin;C:\Program Files (x86)\NVIDIA Corporation\PhysX\Common;C:\ProgramData\Oracle\Java\javapath;C:\WINDOWS\system32;C:\WINDOWS;C:\WINDOWS\System32\Wbem;C:\WINDOWS\System32\WindowsPowerShell\v1.0;C:\Program Files\Microsoft SQL Server\Client SDK\ODBC\110\Tools\Binn;C:\Program Files (x86)\Microsoft SQL Server\130\Tools\Binn;C:\Program Files\Microsoft SQL Server\130\Tools\Binn;C:\Program Files\Microsoft SQL Server\130\DTS\Binn;C:\Program Files (x86)\Windows Live\Shared;C:\xampp\php;C:\ProgramData\ComposerSetup\bin;C:\Program Files\Microsoft SQL Server\Client SDK\ODBC\130\Tools\Binn;C:\Program Files\nodejs;C:\Program Files\Git\cmd;C:\Program Files\Sublime Text 3;C:\WINDOWS\System32\OpenSSH;C:\Program Files\Intel\WiFi\bin;C:\Program Files\Common Files\Intel\WirelessCommon;C:\Program Files\Microsoft VS Code\bin;C:\Users\Familia\Anaconda3;C:\Users\Familia\Anaconda3\Library\mingw-w64\bin;C:\Users\Familia\Anaconda3\Library\usr\bin;C:\Users\Familia\Anaconda3\Library\bin;C:\Users\Familia\Anaconda3\Scripts;C:\Users\Familia\AppData\Local\Microsoft\WindowsApps;C:\Users\Familia\AppData\Roaming\Composer\vendor\bin;C:\Program Files (x86)\Microsoft VS Code\bin;C:\Users\Familia\AppData\Roaming\npm;C:\Program Files\Intel\WiFi\bin;C:\Program Files\Common Files\Intel\WirelessCommon
10 verbose lifecycle mikasa-web-project@1.0.0~watch:dev: CWD: C:\xampp\htdocs\Mikasa-web-project
11 silly lifecycle mikasa-web-project@1.0.0~watch:dev: Args: [ '/d /s /c',
11 silly lifecycle   'parallelshell "npm run sync" "npm run watch:es6"' ]
12 silly lifecycle mikasa-web-project@1.0.0~watch:dev: Returned: code: 1  signal: null
13 info lifecycle mikasa-web-project@1.0.0~watch:dev: Failed to exec watch:dev script
14 verbose stack Error: mikasa-web-project@1.0.0 watch:dev: `parallelshell "npm run sync" "npm run watch:es6"`
14 verbose stack Exit status 1
14 verbose stack     at EventEmitter.<anonymous> (C:\Program Files\nodejs\node_modules\npm\lib\utils\lifecycle.js:255:16)
14 verbose stack     at emitTwo (events.js:106:13)
14 verbose stack     at EventEmitter.emit (events.js:191:7)
14 verbose stack     at ChildProcess.<anonymous> (C:\Program Files\nodejs\node_modules\npm\lib\utils\spawn.js:40:14)
14 verbose stack     at emitTwo (events.js:106:13)
14 verbose stack     at ChildProcess.emit (events.js:191:7)
14 verbose stack     at maybeClose (internal/child_process.js:891:16)
14 verbose stack     at Process.ChildProcess._handle.onexit (internal/child_process.js:226:5)
15 verbose pkgid mikasa-web-project@1.0.0
16 verbose cwd C:\xampp\htdocs\Mikasa-web-project
17 error Windows_NT 10.0.17134
18 error argv "C:\\Program Files\\nodejs\\node.exe" "C:\\Program Files\\nodejs\\node_modules\\npm\\bin\\npm-cli.js" "run" "watch:dev"
19 error node v6.11.2
20 error npm  v3.10.10
21 error code ELIFECYCLE
22 error mikasa-web-project@1.0.0 watch:dev: `parallelshell "npm run sync" "npm run watch:es6"`
22 error Exit status 1
23 error Failed at the mikasa-web-project@1.0.0 watch:dev script 'parallelshell "npm run sync" "npm run watch:es6"'.
23 error Make sure you have the latest version of node.js and npm installed.
23 error If you do, this is most likely a problem with the mikasa-web-project package,
23 error not with npm itself.
23 error Tell the author that this fails on your system:
23 error     parallelshell "npm run sync" "npm run watch:es6"
23 error You can get information on how to open an issue for this project with:
23 error     npm bugs mikasa-web-project
23 error Or if that isn't available, you can get their info via:
23 error     npm owner ls mikasa-web-project
23 error There is likely additional logging output above.
24 verbose exit [ 1, true ]
